  Animations.cpp
  C:\Program Files (x86)\Microsoft DirectX SDK\Include\dinput.h: DIRECTINPUT_VERSION undefined. Defaulting to version 0x0800
C:\Users\WayciQ\Desktop\Mario_bros_3\Mario\Mario\GameGlobal.h(96,2): warning C4091: 'extern ': ignored on left of 'STATENAME' when no variable is declared
C:\Users\WayciQ\Desktop\Mario_bros_3\Mario\Mario\GameGlobal.h(102,2): warning C4091: 'extern ': ignored on left of 'STATEOBJECT' when no variable is declared
C:\Users\WayciQ\Desktop\Mario_bros_3\Mario\Mario\GameGlobal.h(113,2): warning C4091: 'extern ': ignored on left of 'TYPE' when no variable is declared
C:\Users\WayciQ\Desktop\Mario_bros_3\Mario\Mario\GameGlobal.h(124,2): warning C4091: 'extern ': ignored on left of 'TAG' when no variable is declared
C:\Users\WayciQ\Desktop\Mario_bros_3\Mario\Mario\Game.h(9,1): warning C4005: 'DIRECTINPUT_VERSION': macro redefinition
C:\Program Files (x86)\Microsoft DirectX SDK\Include\dinput.h(42): message : see previous definition of 'DIRECTINPUT_VERSION'
C:\Users\WayciQ\Desktop\Mario_bros_3\Mario\Mario\Animations.cpp(64,6): warning C4101: 'time': unreferenced local variable
  Brick.cpp
  C:\Program Files (x86)\Microsoft DirectX SDK\Include\dinput.h: DIRECTINPUT_VERSION undefined. Defaulting to version 0x0800
C:\Users\WayciQ\Desktop\Mario_bros_3\Mario\Mario\GameGlobal.h(96,2): warning C4091: 'extern ': ignored on left of 'STATENAME' when no variable is declared
C:\Users\WayciQ\Desktop\Mario_bros_3\Mario\Mario\GameGlobal.h(102,2): warning C4091: 'extern ': ignored on left of 'STATEOBJECT' when no variable is declared
C:\Users\WayciQ\Desktop\Mario_bros_3\Mario\Mario\GameGlobal.h(113,2): warning C4091: 'extern ': ignored on left of 'TYPE' when no variable is declared
C:\Users\WayciQ\Desktop\Mario_bros_3\Mario\Mario\GameGlobal.h(124,2): warning C4091: 'extern ': ignored on left of 'TAG' when no variable is declared
C:\Users\WayciQ\Desktop\Mario_bros_3\Mario\Mario\Game.h(9,1): warning C4005: 'DIRECTINPUT_VERSION': macro redefinition
C:\Program Files (x86)\Microsoft DirectX SDK\Include\dinput.h(42): message : see previous definition of 'DIRECTINPUT_VERSION'
  Enemy.cpp
  C:\Program Files (x86)\Microsoft DirectX SDK\Include\dinput.h: DIRECTINPUT_VERSION undefined. Defaulting to version 0x0800
C:\Users\WayciQ\Desktop\Mario_bros_3\Mario\Mario\GameGlobal.h(96,2): warning C4091: 'extern ': ignored on left of 'STATENAME' when no variable is declared
C:\Users\WayciQ\Desktop\Mario_bros_3\Mario\Mario\GameGlobal.h(102,2): warning C4091: 'extern ': ignored on left of 'STATEOBJECT' when no variable is declared
C:\Users\WayciQ\Desktop\Mario_bros_3\Mario\Mario\GameGlobal.h(113,2): warning C4091: 'extern ': ignored on left of 'TYPE' when no variable is declared
C:\Users\WayciQ\Desktop\Mario_bros_3\Mario\Mario\GameGlobal.h(124,2): warning C4091: 'extern ': ignored on left of 'TAG' when no variable is declared
C:\Users\WayciQ\Desktop\Mario_bros_3\Mario\Mario\Game.h(9,1): warning C4005: 'DIRECTINPUT_VERSION': macro redefinition
C:\Program Files (x86)\Microsoft DirectX SDK\Include\dinput.h(42): message : see previous definition of 'DIRECTINPUT_VERSION'
  Game.cpp
  C:\Program Files (x86)\Microsoft DirectX SDK\Include\dinput.h: DIRECTINPUT_VERSION undefined. Defaulting to version 0x0800
C:\Users\WayciQ\Desktop\Mario_bros_3\Mario\Mario\GameGlobal.h(96,2): warning C4091: 'extern ': ignored on left of 'STATENAME' when no variable is declared
C:\Users\WayciQ\Desktop\Mario_bros_3\Mario\Mario\GameGlobal.h(102,2): warning C4091: 'extern ': ignored on left of 'STATEOBJECT' when no variable is declared
C:\Users\WayciQ\Desktop\Mario_bros_3\Mario\Mario\GameGlobal.h(113,2): warning C4091: 'extern ': ignored on left of 'TYPE' when no variable is declared
C:\Users\WayciQ\Desktop\Mario_bros_3\Mario\Mario\GameGlobal.h(124,2): warning C4091: 'extern ': ignored on left of 'TAG' when no variable is declared
C:\Users\WayciQ\Desktop\Mario_bros_3\Mario\Mario\Game.h(9,1): warning C4005: 'DIRECTINPUT_VERSION': macro redefinition
C:\Program Files (x86)\Microsoft DirectX SDK\Include\dinput.h(42): message : see previous definition of 'DIRECTINPUT_VERSION'
C:\Users\WayciQ\Desktop\Mario_bros_3\Mario\Mario\Game.cpp(332,26): warning C4305: '=': truncation from '__int64' to 'float'
C:\Users\WayciQ\Desktop\Mario_bros_3\Mario\Mario\Game.cpp(333,24): warning C4305: '=': truncation from '__int64' to 'float'
C:\Users\WayciQ\Desktop\Mario_bros_3\Mario\Mario\Game.cpp(343,26): warning C4305: '=': truncation from '__int64' to 'float'
C:\Users\WayciQ\Desktop\Mario_bros_3\Mario\Mario\Game.cpp(344,24): warning C4305: '=': truncation from '__int64' to 'float'
  GameGlobal.cpp
  C:\Program Files (x86)\Microsoft DirectX SDK\Include\dinput.h: DIRECTINPUT_VERSION undefined. Defaulting to version 0x0800
C:\Users\WayciQ\Desktop\Mario_bros_3\Mario\Mario\GameGlobal.h(96,2): warning C4091: 'extern ': ignored on left of 'STATENAME' when no variable is declared
C:\Users\WayciQ\Desktop\Mario_bros_3\Mario\Mario\GameGlobal.h(102,2): warning C4091: 'extern ': ignored on left of 'STATEOBJECT' when no variable is declared
C:\Users\WayciQ\Desktop\Mario_bros_3\Mario\Mario\GameGlobal.h(113,2): warning C4091: 'extern ': ignored on left of 'TYPE' when no variable is declared
C:\Users\WayciQ\Desktop\Mario_bros_3\Mario\Mario\GameGlobal.h(124,2): warning C4091: 'extern ': ignored on left of 'TAG' when no variable is declared
  GameObject.cpp
  C:\Program Files (x86)\Microsoft DirectX SDK\Include\dinput.h: DIRECTINPUT_VERSION undefined. Defaulting to version 0x0800
C:\Users\WayciQ\Desktop\Mario_bros_3\Mario\Mario\GameGlobal.h(96,2): warning C4091: 'extern ': ignored on left of 'STATENAME' when no variable is declared
C:\Users\WayciQ\Desktop\Mario_bros_3\Mario\Mario\GameGlobal.h(102,2): warning C4091: 'extern ': ignored on left of 'STATEOBJECT' when no variable is declared
C:\Users\WayciQ\Desktop\Mario_bros_3\Mario\Mario\GameGlobal.h(113,2): warning C4091: 'extern ': ignored on left of 'TYPE' when no variable is declared
C:\Users\WayciQ\Desktop\Mario_bros_3\Mario\Mario\GameGlobal.h(124,2): warning C4091: 'extern ': ignored on left of 'TAG' when no variable is declared
C:\Users\WayciQ\Desktop\Mario_bros_3\Mario\Mario\Game.h(9,1): warning C4005: 'DIRECTINPUT_VERSION': macro redefinition
C:\Program Files (x86)\Microsoft DirectX SDK\Include\dinput.h(42): message : see previous definition of 'DIRECTINPUT_VERSION'
  Goomba.cpp
  C:\Program Files (x86)\Microsoft DirectX SDK\Include\dinput.h: DIRECTINPUT_VERSION undefined. Defaulting to version 0x0800
C:\Users\WayciQ\Desktop\Mario_bros_3\Mario\Mario\GameGlobal.h(96,2): warning C4091: 'extern ': ignored on left of 'STATENAME' when no variable is declared
C:\Users\WayciQ\Desktop\Mario_bros_3\Mario\Mario\GameGlobal.h(102,2): warning C4091: 'extern ': ignored on left of 'STATEOBJECT' when no variable is declared
C:\Users\WayciQ\Desktop\Mario_bros_3\Mario\Mario\GameGlobal.h(113,2): warning C4091: 'extern ': ignored on left of 'TYPE' when no variable is declared
C:\Users\WayciQ\Desktop\Mario_bros_3\Mario\Mario\GameGlobal.h(124,2): warning C4091: 'extern ': ignored on left of 'TAG' when no variable is declared
C:\Users\WayciQ\Desktop\Mario_bros_3\Mario\Mario\Game.h(9,1): warning C4005: 'DIRECTINPUT_VERSION': macro redefinition
C:\Program Files (x86)\Microsoft DirectX SDK\Include\dinput.h(42): message : see previous definition of 'DIRECTINPUT_VERSION'
C:\Users\WayciQ\Desktop\Mario_bros_3\Mario\Mario\Goomba.cpp(5,7): warning C4305: '=': truncation from 'double' to 'float'
C:\Users\WayciQ\Desktop\Mario_bros_3\Mario\Mario\Goomba.cpp(60,24): warning C4244: '=': conversion from 'double' to 'float', possible loss of data
  Map.cpp
  C:\Program Files (x86)\Microsoft DirectX SDK\Include\dinput.h: DIRECTINPUT_VERSION undefined. Defaulting to version 0x0800
C:\Users\WayciQ\Desktop\Mario_bros_3\Mario\Mario\GameGlobal.h(96,2): warning C4091: 'extern ': ignored on left of 'STATENAME' when no variable is declared
C:\Users\WayciQ\Desktop\Mario_bros_3\Mario\Mario\GameGlobal.h(102,2): warning C4091: 'extern ': ignored on left of 'STATEOBJECT' when no variable is declared
C:\Users\WayciQ\Desktop\Mario_bros_3\Mario\Mario\GameGlobal.h(113,2): warning C4091: 'extern ': ignored on left of 'TYPE' when no variable is declared
C:\Users\WayciQ\Desktop\Mario_bros_3\Mario\Mario\GameGlobal.h(124,2): warning C4091: 'extern ': ignored on left of 'TAG' when no variable is declared
C:\Users\WayciQ\Desktop\Mario_bros_3\Mario\Mario\Game.h(9,1): warning C4005: 'DIRECTINPUT_VERSION': macro redefinition
C:\Program Files (x86)\Microsoft DirectX SDK\Include\dinput.h(42): message : see previous definition of 'DIRECTINPUT_VERSION'
C:\Users\WayciQ\Desktop\Mario_bros_3\Mario\Mario\Map.cpp(40,96): warning C4244: 'argument': conversion from 'int' to 'float', possible loss of data
C:\Users\WayciQ\Desktop\Mario_bros_3\Mario\Mario\Map.cpp(40,77): warning C4244: 'argument': conversion from 'LONG' to 'float', possible loss of data
C:\Users\WayciQ\Desktop\Mario_bros_3\Mario\Mario\Map.cpp(40,61): warning C4244: 'argument': conversion from 'int' to 'float', possible loss of data
C:\Users\WayciQ\Desktop\Mario_bros_3\Mario\Mario\Map.cpp(40,26): warning C4244: 'argument': conversion from 'LONG' to 'float', possible loss of data
C:\Users\WayciQ\Desktop\Mario_bros_3\Mario\Mario\Map.cpp(40,18): warning C4244: 'argument': conversion from 'LONG' to 'float', possible loss of data
  Mario.cpp
  C:\Program Files (x86)\Microsoft DirectX SDK\Include\dinput.h: DIRECTINPUT_VERSION undefined. Defaulting to version 0x0800
C:\Users\WayciQ\Desktop\Mario_bros_3\Mario\Mario\GameGlobal.h(96,2): warning C4091: 'extern ': ignored on left of 'STATENAME' when no variable is declared
C:\Users\WayciQ\Desktop\Mario_bros_3\Mario\Mario\GameGlobal.h(102,2): warning C4091: 'extern ': ignored on left of 'STATEOBJECT' when no variable is declared
C:\Users\WayciQ\Desktop\Mario_bros_3\Mario\Mario\GameGlobal.h(113,2): warning C4091: 'extern ': ignored on left of 'TYPE' when no variable is declared
C:\Users\WayciQ\Desktop\Mario_bros_3\Mario\Mario\GameGlobal.h(124,2): warning C4091: 'extern ': ignored on left of 'TAG' when no variable is declared
C:\Users\WayciQ\Desktop\Mario_bros_3\Mario\Mario\Game.h(9,1): warning C4005: 'DIRECTINPUT_VERSION': macro redefinition
C:\Program Files (x86)\Microsoft DirectX SDK\Include\dinput.h(42): message : see previous definition of 'DIRECTINPUT_VERSION'
  PlayScence.cpp
  C:\Program Files (x86)\Microsoft DirectX SDK\Include\dinput.h: DIRECTINPUT_VERSION undefined. Defaulting to version 0x0800
C:\Users\WayciQ\Desktop\Mario_bros_3\Mario\Mario\GameGlobal.h(96,2): warning C4091: 'extern ': ignored on left of 'STATENAME' when no variable is declared
C:\Users\WayciQ\Desktop\Mario_bros_3\Mario\Mario\GameGlobal.h(102,2): warning C4091: 'extern ': ignored on left of 'STATEOBJECT' when no variable is declared
C:\Users\WayciQ\Desktop\Mario_bros_3\Mario\Mario\GameGlobal.h(113,2): warning C4091: 'extern ': ignored on left of 'TYPE' when no variable is declared
C:\Users\WayciQ\Desktop\Mario_bros_3\Mario\Mario\GameGlobal.h(124,2): warning C4091: 'extern ': ignored on left of 'TAG' when no variable is declared
C:\Users\WayciQ\Desktop\Mario_bros_3\Mario\Mario\Game.h(9,1): warning C4005: 'DIRECTINPUT_VERSION': macro redefinition
C:\Program Files (x86)\Microsoft DirectX SDK\Include\dinput.h(42): message : see previous definition of 'DIRECTINPUT_VERSION'
C:\Users\WayciQ\Desktop\Mario_bros_3\Mario\Mario\PlayScence.cpp(71,20): warning C4018: '<': signed/unsigned mismatch
C:\Users\WayciQ\Desktop\Mario_bros_3\Mario\Mario\PlayScence.cpp(96,21): warning C4018: '<': signed/unsigned mismatch
C:\Users\WayciQ\Desktop\Mario_bros_3\Mario\Mario\PlayScence.cpp(110,21): warning C4018: '<': signed/unsigned mismatch
C:\Users\WayciQ\Desktop\Mario_bros_3\Mario\Mario\PlayScence.cpp(134,10): warning C4244: 'initializing': conversion from 'double' to 'float', possible loss of data
C:\Users\WayciQ\Desktop\Mario_bros_3\Mario\Mario\PlayScence.cpp(135,10): warning C4244: 'initializing': conversion from 'double' to 'float', possible loss of data
C:\Users\WayciQ\Desktop\Mario_bros_3\Mario\Mario\PlayScence.cpp(238,29): warning C4244: 'argument': conversion from 'DWORD' to 'float', possible loss of data
C:\Users\WayciQ\Desktop\Mario_bros_3\Mario\Mario\PlayScence.cpp(244,20): warning C4018: '<': signed/unsigned mismatch
C:\Users\WayciQ\Desktop\Mario_bros_3\Mario\Mario\PlayScence.cpp(250,20): warning C4018: '<': signed/unsigned mismatch
  PlayerDieState.cpp
  C:\Program Files (x86)\Microsoft DirectX SDK\Include\dinput.h: DIRECTINPUT_VERSION undefined. Defaulting to version 0x0800
C:\Users\WayciQ\Desktop\Mario_bros_3\Mario\Mario\GameGlobal.h(96,2): warning C4091: 'extern ': ignored on left of 'STATENAME' when no variable is declared
C:\Users\WayciQ\Desktop\Mario_bros_3\Mario\Mario\GameGlobal.h(102,2): warning C4091: 'extern ': ignored on left of 'STATEOBJECT' when no variable is declared
C:\Users\WayciQ\Desktop\Mario_bros_3\Mario\Mario\GameGlobal.h(113,2): warning C4091: 'extern ': ignored on left of 'TYPE' when no variable is declared
C:\Users\WayciQ\Desktop\Mario_bros_3\Mario\Mario\GameGlobal.h(124,2): warning C4091: 'extern ': ignored on left of 'TAG' when no variable is declared
  PlayerFallingState.cpp
  C:\Program Files (x86)\Microsoft DirectX SDK\Include\dinput.h: DIRECTINPUT_VERSION undefined. Defaulting to version 0x0800
C:\Users\WayciQ\Desktop\Mario_bros_3\Mario\Mario\GameGlobal.h(96,2): warning C4091: 'extern ': ignored on left of 'STATENAME' when no variable is declared
C:\Users\WayciQ\Desktop\Mario_bros_3\Mario\Mario\GameGlobal.h(102,2): warning C4091: 'extern ': ignored on left of 'STATEOBJECT' when no variable is declared
C:\Users\WayciQ\Desktop\Mario_bros_3\Mario\Mario\GameGlobal.h(113,2): warning C4091: 'extern ': ignored on left of 'TYPE' when no variable is declared
C:\Users\WayciQ\Desktop\Mario_bros_3\Mario\Mario\GameGlobal.h(124,2): warning C4091: 'extern ': ignored on left of 'TAG' when no variable is declared
C:\Users\WayciQ\Desktop\Mario_bros_3\Mario\Mario\Game.h(9,1): warning C4005: 'DIRECTINPUT_VERSION': macro redefinition
C:\Program Files (x86)\Microsoft DirectX SDK\Include\dinput.h(42): message : see previous definition of 'DIRECTINPUT_VERSION'
  PlayerJumpingState.cpp
  C:\Program Files (x86)\Microsoft DirectX SDK\Include\dinput.h: DIRECTINPUT_VERSION undefined. Defaulting to version 0x0800
C:\Users\WayciQ\Desktop\Mario_bros_3\Mario\Mario\GameGlobal.h(96,2): warning C4091: 'extern ': ignored on left of 'STATENAME' when no variable is declared
C:\Users\WayciQ\Desktop\Mario_bros_3\Mario\Mario\GameGlobal.h(102,2): warning C4091: 'extern ': ignored on left of 'STATEOBJECT' when no variable is declared
C:\Users\WayciQ\Desktop\Mario_bros_3\Mario\Mario\GameGlobal.h(113,2): warning C4091: 'extern ': ignored on left of 'TYPE' when no variable is declared
C:\Users\WayciQ\Desktop\Mario_bros_3\Mario\Mario\GameGlobal.h(124,2): warning C4091: 'extern ': ignored on left of 'TAG' when no variable is declared
C:\Users\WayciQ\Desktop\Mario_bros_3\Mario\Mario\Game.h(9,1): warning C4005: 'DIRECTINPUT_VERSION': macro redefinition
C:\Program Files (x86)\Microsoft DirectX SDK\Include\dinput.h(42): message : see previous definition of 'DIRECTINPUT_VERSION'
  PlayerLastRunState.cpp
  C:\Program Files (x86)\Microsoft DirectX SDK\Include\dinput.h: DIRECTINPUT_VERSION undefined. Defaulting to version 0x0800
C:\Users\WayciQ\Desktop\Mario_bros_3\Mario\Mario\GameGlobal.h(96,2): warning C4091: 'extern ': ignored on left of 'STATENAME' when no variable is declared
C:\Users\WayciQ\Desktop\Mario_bros_3\Mario\Mario\GameGlobal.h(102,2): warning C4091: 'extern ': ignored on left of 'STATEOBJECT' when no variable is declared
C:\Users\WayciQ\Desktop\Mario_bros_3\Mario\Mario\GameGlobal.h(113,2): warning C4091: 'extern ': ignored on left of 'TYPE' when no variable is declared
C:\Users\WayciQ\Desktop\Mario_bros_3\Mario\Mario\GameGlobal.h(124,2): warning C4091: 'extern ': ignored on left of 'TAG' when no variable is declared
C:\Users\WayciQ\Desktop\Mario_bros_3\Mario\Mario\Game.h(9,1): warning C4005: 'DIRECTINPUT_VERSION': macro redefinition
C:\Program Files (x86)\Microsoft DirectX SDK\Include\dinput.h(42): message : see previous definition of 'DIRECTINPUT_VERSION'
  PlayerRunningState.cpp
  C:\Program Files (x86)\Microsoft DirectX SDK\Include\dinput.h: DIRECTINPUT_VERSION undefined. Defaulting to version 0x0800
C:\Users\WayciQ\Desktop\Mario_bros_3\Mario\Mario\GameGlobal.h(96,2): warning C4091: 'extern ': ignored on left of 'STATENAME' when no variable is declared
C:\Users\WayciQ\Desktop\Mario_bros_3\Mario\Mario\GameGlobal.h(102,2): warning C4091: 'extern ': ignored on left of 'STATEOBJECT' when no variable is declared
C:\Users\WayciQ\Desktop\Mario_bros_3\Mario\Mario\GameGlobal.h(113,2): warning C4091: 'extern ': ignored on left of 'TYPE' when no variable is declared
C:\Users\WayciQ\Desktop\Mario_bros_3\Mario\Mario\GameGlobal.h(124,2): warning C4091: 'extern ': ignored on left of 'TAG' when no variable is declared
C:\Users\WayciQ\Desktop\Mario_bros_3\Mario\Mario\Game.h(9,1): warning C4005: 'DIRECTINPUT_VERSION': macro redefinition
C:\Program Files (x86)\Microsoft DirectX SDK\Include\dinput.h(42): message : see previous definition of 'DIRECTINPUT_VERSION'
  PlayerSittingState.cpp
  C:\Program Files (x86)\Microsoft DirectX SDK\Include\dinput.h: DIRECTINPUT_VERSION undefined. Defaulting to version 0x0800
C:\Users\WayciQ\Desktop\Mario_bros_3\Mario\Mario\GameGlobal.h(96,2): warning C4091: 'extern ': ignored on left of 'STATENAME' when no variable is declared
C:\Users\WayciQ\Desktop\Mario_bros_3\Mario\Mario\GameGlobal.h(102,2): warning C4091: 'extern ': ignored on left of 'STATEOBJECT' when no variable is declared
C:\Users\WayciQ\Desktop\Mario_bros_3\Mario\Mario\GameGlobal.h(113,2): warning C4091: 'extern ': ignored on left of 'TYPE' when no variable is declared
C:\Users\WayciQ\Desktop\Mario_bros_3\Mario\Mario\GameGlobal.h(124,2): warning C4091: 'extern ': ignored on left of 'TAG' when no variable is declared
C:\Users\WayciQ\Desktop\Mario_bros_3\Mario\Mario\Game.h(9,1): warning C4005: 'DIRECTINPUT_VERSION': macro redefinition
C:\Program Files (x86)\Microsoft DirectX SDK\Include\dinput.h(42): message : see previous definition of 'DIRECTINPUT_VERSION'
  PlayerStandingState.cpp
  C:\Program Files (x86)\Microsoft DirectX SDK\Include\dinput.h: DIRECTINPUT_VERSION undefined. Defaulting to version 0x0800
C:\Users\WayciQ\Desktop\Mario_bros_3\Mario\Mario\GameGlobal.h(96,2): warning C4091: 'extern ': ignored on left of 'STATENAME' when no variable is declared
C:\Users\WayciQ\Desktop\Mario_bros_3\Mario\Mario\GameGlobal.h(102,2): warning C4091: 'extern ': ignored on left of 'STATEOBJECT' when no variable is declared
C:\Users\WayciQ\Desktop\Mario_bros_3\Mario\Mario\GameGlobal.h(113,2): warning C4091: 'extern ': ignored on left of 'TYPE' when no variable is declared
C:\Users\WayciQ\Desktop\Mario_bros_3\Mario\Mario\GameGlobal.h(124,2): warning C4091: 'extern ': ignored on left of 'TAG' when no variable is declared
C:\Users\WayciQ\Desktop\Mario_bros_3\Mario\Mario\Game.h(9,1): warning C4005: 'DIRECTINPUT_VERSION': macro redefinition
C:\Program Files (x86)\Microsoft DirectX SDK\Include\dinput.h(42): message : see previous definition of 'DIRECTINPUT_VERSION'
  PlayerWalkingState.cpp
  C:\Program Files (x86)\Microsoft DirectX SDK\Include\dinput.h: DIRECTINPUT_VERSION undefined. Defaulting to version 0x0800
C:\Users\WayciQ\Desktop\Mario_bros_3\Mario\Mario\GameGlobal.h(96,2): warning C4091: 'extern ': ignored on left of 'STATENAME' when no variable is declared
C:\Users\WayciQ\Desktop\Mario_bros_3\Mario\Mario\GameGlobal.h(102,2): warning C4091: 'extern ': ignored on left of 'STATEOBJECT' when no variable is declared
C:\Users\WayciQ\Desktop\Mario_bros_3\Mario\Mario\GameGlobal.h(113,2): warning C4091: 'extern ': ignored on left of 'TYPE' when no variable is declared
C:\Users\WayciQ\Desktop\Mario_bros_3\Mario\Mario\GameGlobal.h(124,2): warning C4091: 'extern ': ignored on left of 'TAG' when no variable is declared
C:\Users\WayciQ\Desktop\Mario_bros_3\Mario\Mario\Game.h(9,1): warning C4005: 'DIRECTINPUT_VERSION': macro redefinition
C:\Program Files (x86)\Microsoft DirectX SDK\Include\dinput.h(42): message : see previous definition of 'DIRECTINPUT_VERSION'
  PlayerWhippingState.cpp
  C:\Program Files (x86)\Microsoft DirectX SDK\Include\dinput.h: DIRECTINPUT_VERSION undefined. Defaulting to version 0x0800
C:\Users\WayciQ\Desktop\Mario_bros_3\Mario\Mario\GameGlobal.h(96,2): warning C4091: 'extern ': ignored on left of 'STATENAME' when no variable is declared
C:\Users\WayciQ\Desktop\Mario_bros_3\Mario\Mario\GameGlobal.h(102,2): warning C4091: 'extern ': ignored on left of 'STATEOBJECT' when no variable is declared
C:\Users\WayciQ\Desktop\Mario_bros_3\Mario\Mario\GameGlobal.h(113,2): warning C4091: 'extern ': ignored on left of 'TYPE' when no variable is declared
C:\Users\WayciQ\Desktop\Mario_bros_3\Mario\Mario\GameGlobal.h(124,2): warning C4091: 'extern ': ignored on left of 'TAG' when no variable is declared
C:\Users\WayciQ\Desktop\Mario_bros_3\Mario\Mario\Game.h(9,1): warning C4005: 'DIRECTINPUT_VERSION': macro redefinition
C:\Program Files (x86)\Microsoft DirectX SDK\Include\dinput.h(42): message : see previous definition of 'DIRECTINPUT_VERSION'
  Sprites.cpp
  C:\Program Files (x86)\Microsoft DirectX SDK\Include\dinput.h: DIRECTINPUT_VERSION undefined. Defaulting to version 0x0800
C:\Users\WayciQ\Desktop\Mario_bros_3\Mario\Mario\GameGlobal.h(96,2): warning C4091: 'extern ': ignored on left of 'STATENAME' when no variable is declared
C:\Users\WayciQ\Desktop\Mario_bros_3\Mario\Mario\GameGlobal.h(102,2): warning C4091: 'extern ': ignored on left of 'STATEOBJECT' when no variable is declared
C:\Users\WayciQ\Desktop\Mario_bros_3\Mario\Mario\GameGlobal.h(113,2): warning C4091: 'extern ': ignored on left of 'TYPE' when no variable is declared
C:\Users\WayciQ\Desktop\Mario_bros_3\Mario\Mario\GameGlobal.h(124,2): warning C4091: 'extern ': ignored on left of 'TAG' when no variable is declared
C:\Users\WayciQ\Desktop\Mario_bros_3\Mario\Mario\Game.h(9,1): warning C4005: 'DIRECTINPUT_VERSION': macro redefinition
C:\Program Files (x86)\Microsoft DirectX SDK\Include\dinput.h(42): message : see previous definition of 'DIRECTINPUT_VERSION'
C:\Users\WayciQ\Desktop\Mario_bros_3\Mario\Mario\Sprites.cpp(30,46): warning C4244: 'argument': conversion from 'float' to 'int', possible loss of data
C:\Users\WayciQ\Desktop\Mario_bros_3\Mario\Mario\Sprites.cpp(30,39): warning C4244: 'argument': conversion from 'float' to 'int', possible loss of data
C:\Users\WayciQ\Desktop\Mario_bros_3\Mario\Mario\Sprites.cpp(30,34): warning C4244: 'argument': conversion from 'float' to 'int', possible loss of data
C:\Users\WayciQ\Desktop\Mario_bros_3\Mario\Mario\Sprites.cpp(30,28): warning C4244: 'argument': conversion from 'float' to 'int', possible loss of data
  Generating Code...
  Compiling...
  Textures.cpp
  C:\Program Files (x86)\Microsoft DirectX SDK\Include\dinput.h: DIRECTINPUT_VERSION undefined. Defaulting to version 0x0800
C:\Users\WayciQ\Desktop\Mario_bros_3\Mario\Mario\GameGlobal.h(96,2): warning C4091: 'extern ': ignored on left of 'STATENAME' when no variable is declared
C:\Users\WayciQ\Desktop\Mario_bros_3\Mario\Mario\GameGlobal.h(102,2): warning C4091: 'extern ': ignored on left of 'STATEOBJECT' when no variable is declared
C:\Users\WayciQ\Desktop\Mario_bros_3\Mario\Mario\GameGlobal.h(113,2): warning C4091: 'extern ': ignored on left of 'TYPE' when no variable is declared
C:\Users\WayciQ\Desktop\Mario_bros_3\Mario\Mario\GameGlobal.h(124,2): warning C4091: 'extern ': ignored on left of 'TAG' when no variable is declared
C:\Users\WayciQ\Desktop\Mario_bros_3\Mario\Mario\Game.h(9,1): warning C4005: 'DIRECTINPUT_VERSION': macro redefinition
C:\Program Files (x86)\Microsoft DirectX SDK\Include\dinput.h(42): message : see previous definition of 'DIRECTINPUT_VERSION'
  Weapon.cpp
  C:\Program Files (x86)\Microsoft DirectX SDK\Include\dinput.h: DIRECTINPUT_VERSION undefined. Defaulting to version 0x0800
C:\Users\WayciQ\Desktop\Mario_bros_3\Mario\Mario\GameGlobal.h(96,2): warning C4091: 'extern ': ignored on left of 'STATENAME' when no variable is declared
C:\Users\WayciQ\Desktop\Mario_bros_3\Mario\Mario\GameGlobal.h(102,2): warning C4091: 'extern ': ignored on left of 'STATEOBJECT' when no variable is declared
C:\Users\WayciQ\Desktop\Mario_bros_3\Mario\Mario\GameGlobal.h(113,2): warning C4091: 'extern ': ignored on left of 'TYPE' when no variable is declared
C:\Users\WayciQ\Desktop\Mario_bros_3\Mario\Mario\GameGlobal.h(124,2): warning C4091: 'extern ': ignored on left of 'TAG' when no variable is declared
C:\Users\WayciQ\Desktop\Mario_bros_3\Mario\Mario\Game.h(9,1): warning C4005: 'DIRECTINPUT_VERSION': macro redefinition
C:\Program Files (x86)\Microsoft DirectX SDK\Include\dinput.h(42): message : see previous definition of 'DIRECTINPUT_VERSION'
  Whip.cpp
  C:\Program Files (x86)\Microsoft DirectX SDK\Include\dinput.h: DIRECTINPUT_VERSION undefined. Defaulting to version 0x0800
C:\Users\WayciQ\Desktop\Mario_bros_3\Mario\Mario\GameGlobal.h(96,2): warning C4091: 'extern ': ignored on left of 'STATENAME' when no variable is declared
C:\Users\WayciQ\Desktop\Mario_bros_3\Mario\Mario\GameGlobal.h(102,2): warning C4091: 'extern ': ignored on left of 'STATEOBJECT' when no variable is declared
C:\Users\WayciQ\Desktop\Mario_bros_3\Mario\Mario\GameGlobal.h(113,2): warning C4091: 'extern ': ignored on left of 'TYPE' when no variable is declared
C:\Users\WayciQ\Desktop\Mario_bros_3\Mario\Mario\GameGlobal.h(124,2): warning C4091: 'extern ': ignored on left of 'TAG' when no variable is declared
C:\Users\WayciQ\Desktop\Mario_bros_3\Mario\Mario\Game.h(9,1): warning C4005: 'DIRECTINPUT_VERSION': macro redefinition
C:\Program Files (x86)\Microsoft DirectX SDK\Include\dinput.h(42): message : see previous definition of 'DIRECTINPUT_VERSION'
  main.cpp
  C:\Program Files (x86)\Microsoft DirectX SDK\Include\dinput.h: DIRECTINPUT_VERSION undefined. Defaulting to version 0x0800
C:\Users\WayciQ\Desktop\Mario_bros_3\Mario\Mario\GameGlobal.h(96,2): warning C4091: 'extern ': ignored on left of 'STATENAME' when no variable is declared
C:\Users\WayciQ\Desktop\Mario_bros_3\Mario\Mario\GameGlobal.h(102,2): warning C4091: 'extern ': ignored on left of 'STATEOBJECT' when no variable is declared
C:\Users\WayciQ\Desktop\Mario_bros_3\Mario\Mario\GameGlobal.h(113,2): warning C4091: 'extern ': ignored on left of 'TYPE' when no variable is declared
C:\Users\WayciQ\Desktop\Mario_bros_3\Mario\Mario\GameGlobal.h(124,2): warning C4091: 'extern ': ignored on left of 'TAG' when no variable is declared
C:\Users\WayciQ\Desktop\Mario_bros_3\Mario\Mario\Game.h(9,1): warning C4005: 'DIRECTINPUT_VERSION': macro redefinition
C:\Program Files (x86)\Microsoft DirectX SDK\Include\dinput.h(42): message : see previous definition of 'DIRECTINPUT_VERSION'
  Generating Code...
C:\Users\WayciQ\Desktop\Mario_bros_3\Mario\Mario\Whip.cpp(68): warning C4715: 'Whip::GetInstance': not all control paths return a value
  Mario.vcxproj -> C:\Users\WayciQ\Desktop\Mario_bros_3\Mario\Debug\Mario.exe
